Removed Pin From Net: NetName=CSI1_D0_N Pin=J1-3
Removed Pin From Net: NetName=CSI1_D0_P Pin=J1-4
Removed Pin From Net: NetName=CSI1_D1_N Pin=J1-6
Removed Pin From Net: NetName=CSI1_D1_P Pin=J1-7
Removed Pin From Net: NetName=CSI1_CLK_N Pin=J1-9
Removed Pin From Net: NetName=CSI1_CLK_P Pin=J1-10
Removed Pin From Net: NetName=CSI1_CLK_P Pin=P2-2
Removed Pin From Net: NetName=CSI1_CLK_N Pin=P2-4
Removed Pin From Net: NetName=CSI1_D0_P Pin=P2-8
Removed Pin From Net: NetName=CSI1_D0_N Pin=P2-10
Removed Pin From Net: NetName=CSI1_D1_P Pin=P2-14
Removed Pin From Net: NetName=CSI1_D1_N Pin=P2-16
Added Pin To Net: NetName=RESERVED Pin=P2-38
Change Net Name : Old Net Name=DSI_D2+ New Net Name=HSIC_STR
Added Pin To Net: NetName=CSI0_CLK_N Pin=J1-9
Added Pin To Net: NetName=CSI0_CLK_N Pin=P2-4
Added Net: Name=CSI0_CLK_N
Added Pin To Net: NetName=CSI0_CLK_P Pin=J1-10
Added Pin To Net: NetName=CSI0_CLK_P Pin=P2-2
Added Net: Name=CSI0_CLK_P
Added Pin To Net: NetName=CSI0_D0_N Pin=J1-3
Added Pin To Net: NetName=CSI0_D0_N Pin=P2-10
Added Net: Name=CSI0_D0_N
Added Pin To Net: NetName=CSI0_D0_P Pin=J1-4
Added Pin To Net: NetName=CSI0_D0_P Pin=P2-8
Added Net: Name=CSI0_D0_P
Added Pin To Net: NetName=CSI0_D1_N Pin=J1-6
Added Pin To Net: NetName=CSI0_D1_N Pin=P2-16
Added Net: Name=CSI0_D1_N
Added Pin To Net: NetName=CSI0_D1_P Pin=J1-7
Added Pin To Net: NetName=CSI0_D1_P Pin=P2-14
Added Net: Name=CSI0_D1_P
Added Pin To Net: NetName=DSI_D2+ Pin=P2-39
Added Net: Name=DSI_D2+
Added Member To Class: ClassName=Camera Member=Component C1 Cap
Added Member To Class: ClassName=Camera Member=Component C2 Cap
Added Member To Class: ClassName=Camera Member=Component C? 0603
