Added Component: Designator=J1(CON15_1X15_DRB_S)
Add component. Clean all parameters for all variants
Added Component: Designator=J2(CON15_1X15_DRB_S)
Add component. Clean all parameters for all variants
Added Pin To Net: NetName=GND Pin=J1-2
Added Pin To Net: NetName=CSI1_D0_N Pin=J1-3
Added Pin To Net: NetName=CSI1_D0_P Pin=J1-4
Added Pin To Net: NetName=GND Pin=J1-5
Added Pin To Net: NetName=CSI1_D1_N Pin=J1-6
Added Pin To Net: NetName=CSI1_D1_P Pin=J1-7
Added Pin To Net: NetName=GND Pin=J1-8
Added Pin To Net: NetName=CSI1_CLK_N Pin=J1-9
Added Pin To Net: NetName=CSI1_CLK_P Pin=J1-10
Added Pin To Net: NetName=GND Pin=J1-11
Added Pin To Net: NetName=CAM1_GPIO0_3V3 Pin=J1-12
Added Pin To Net: NetName=CAM1_GPIO1_3V3 Pin=J1-13
Added Pin To Net: NetName=CAM1_SCL_3V3 Pin=J1-14
Added Pin To Net: NetName=CAM1_SDA_3V3 Pin=J1-15
Added Pin To Net: NetName=3V3 Pin=J1-16
Added Pin To Net: NetName=GND Pin=J2-2
Added Pin To Net: NetName=CSI1_D0_N Pin=J2-3
Added Pin To Net: NetName=CSI1_D0_P Pin=J2-4
Added Pin To Net: NetName=GND Pin=J2-5
Added Pin To Net: NetName=CSI1_D1_N Pin=J2-6
Added Pin To Net: NetName=CSI1_D1_P Pin=J2-7
Added Pin To Net: NetName=GND Pin=J2-8
Added Pin To Net: NetName=CSI1_CLK_N Pin=J2-9
Added Pin To Net: NetName=CSI1_CLK_P Pin=J2-10
Added Pin To Net: NetName=GND Pin=J2-11
Added Pin To Net: NetName=CAM2_GPIO0_3V3 Pin=J2-12
Added Pin To Net: NetName=CAM2_GPIO1_3V3 Pin=J2-13
Added Pin To Net: NetName=CAM2_SCL_3V3 Pin=J2-14
Added Pin To Net: NetName=CAM2_SDA_3V3 Pin=J2-15
Added Pin To Net: NetName=3V3 Pin=J2-16
Change Net Name : Old Net Name=DSI_D2+ New Net Name=HSIC_STR
Change Net Name : Old Net Name=I2C3_SDA New Net Name=RESERVED
Added Pin To Net: NetName=DSI_D2+ Pin=P2-39
Added Net: Name=DSI_D2+
Added Pin To Net: NetName=I2C3_SDA Pin=P2-38
Added Net: Name=I2C3_SDA
Added Member To Class: ClassName=Camera Member=Component C1 Cap
Added Member To Class: ClassName=Camera Member=Component C2 Cap
Added Member To Class: ClassName=Camera Member=Component C? 0603
Added Member To Class: ClassName=Camera Member=Component J1 CSI Camera 1
Added Member To Class: ClassName=Camera Member=Component J2 CSI Camera 1
