Added Component: Designator=U3(CD4504BPWR_16TSSOP)
Add component. Clean all parameters for all variants
Added Pin To Net: NetName=1V8 Pin=U3-1
Added Pin To Net: NetName=CAM1_GPIO0_3V3 Pin=U3-2
Added Pin To Net: NetName=CAM1_GPIO_0 Pin=U3-3
Added Pin To Net: NetName=CAM1_GPIO1_3V3 Pin=U3-4
Added Pin To Net: NetName=CAM1_GPIO_1 Pin=U3-5
Added Pin To Net: NetName=CAM2_GPIO1_3V3 Pin=U3-5
Added Pin To Net: NetName=CAM2_GPIO0_3V3 Pin=U3-6
Added Pin To Net: NetName=CAM2_GPIO_0 Pin=U3-7
Added Pin To Net: NetName=GND Pin=U3-8
Added Pin To Net: NetName=CAM2_GPIO_1 Pin=U3-9
Added Pin To Net: NetName=GND Pin=U3-11
Added Pin To Net: NetName=GND Pin=U3-13
Added Pin To Net: NetName=GND Pin=U3-14
Added Pin To Net: NetName=3V3 Pin=U3-16
Change Net Name : Old Net Name=EXP_D3_P New Net Name=HSIC_STR
Added Pin To Net: NetName=EXP_D3_P Pin=P2-39
Added Net: Name=EXP_D3_P
Added Member To Class: ClassName=Camera Member=Component U3 CD4504BPWR
