Added Component: Designator=J2(CON15_1X15_DRB_S)
Add component. Clean all parameters for all variants
Added Pin To Net: NetName=GND Pin=J2-1
Added Pin To Net: NetName=CSI1_D0_N Pin=J2-2
Added Pin To Net: NetName=CSI1_D0_P Pin=J2-3
Added Pin To Net: NetName=GND Pin=J2-4
Added Pin To Net: NetName=CSI1_D1_N Pin=J2-5
Added Pin To Net: NetName=CSI1_D1_P Pin=J2-6
Added Pin To Net: NetName=GND Pin=J2-7
Added Pin To Net: NetName=CSI1_CLK_N Pin=J2-8
Added Pin To Net: NetName=CSI1_CLK_P Pin=J2-9
Added Pin To Net: NetName=GND Pin=J2-10
Added Pin To Net: NetName=CAM2_GPIO0_3V3 Pin=J2-11
Added Pin To Net: NetName=CAM2_GPIO1_3V3 Pin=J2-12
Added Pin To Net: NetName=CAM2_SCL_3V3 Pin=J2-13
Added Pin To Net: NetName=CAM2_SDA_3V3 Pin=J2-14
Added Pin To Net: NetName=3V3 Pin=J2-15
Added Pin To Net: NetName=RESERVED Pin=P2-38
Change Net Name : Old Net Name=DSI_D2+ New Net Name=HSIC_STR
Added Pin To Net: NetName=DSI_D2+ Pin=P2-39
Added Net: Name=DSI_D2+
Added Member To Class: ClassName=Camera Member=Component J2 FCC_Connector
Added Room: Name=Camera
Added Rule: Name=Schematic Matched Net Lengths_3
Added Rule: Name=Schematic Matched Net Lengths_4
