Change Component Designator: OldDesignator=C1 NewDesignator=C5
Change Component Designator: OldDesignator=C2 NewDesignator=C6
Change Component Designator: OldDesignator=C? NewDesignator=C7
Change Component Designator: OldDesignator=C? NewDesignator=C8
Added Pin To Net: NetName=CAM2_SDA_1V8 Pin=P2-38
Change Net Name : Old Net Name=DSI_D2+ New Net Name=HSIC_STR
Added Pin To Net: NetName=DSI_D2+ Pin=P2-39
Added Net: Name=DSI_D2+
Added Pin To Net: NetName=NetC6_2 Pin=C6-2
Added Pin To Net: NetName=NetC6_2 Pin=R8-1
Added Pin To Net: NetName=NetC6_2 Pin=U2-7
Added Pin To Net: NetName=NetC6_2 Pin=U2-8
Added Net: Name=NetC6_2
Added Member To Class: ClassName=Camera Member=Component C5 Cap
Added Member To Class: ClassName=Camera Member=Component C6 Cap
Added Member To Class: ClassName=Camera Member=Component C8 0402
Added Room: Name=Camera
Added Rule: Name=Schematic Matched Net Lengths
Added Rule: Name=Schematic Matched Net Lengths_1
Added Rule: Name=Schematic Matched Net Lengths_2
