Removed Pin From Net: NetName=NetC2_2 Pin=R3-1
Removed Pin From Net: NetName=3V3 Pin=R3-2
Removed Pin From Net: NetName=CAM1_SCL_3V3 Pin=R4-1
Removed Pin From Net: NetName=CAM1_SDA_3V3 Pin=R5-1
Removed Pin From Net: NetName=3V3 Pin=R5-2
Removed Pin From Net: NetName=NetC6_2 Pin=R8-1
Removed Pin From Net: NetName=3V3 Pin=R8-2
Removed Pin From Net: NetName=CAM2_SCL_3V3 Pin=R9-1
Removed Pin From Net: NetName=CAM2_SDA_3V3 Pin=R10-1
Removed Pin From Net: NetName=3V3 Pin=R10-2
Change Component Footprint: Designator=R1 Old Footprint=AXIAL-0.3 New Footprint=0402
Change Component Footprint: Designator=R2 Old Footprint=AXIAL-0.3 New Footprint=0402
Change Component Footprint: Designator=R3 Old Footprint=AXIAL-0.3 New Footprint=0402
Change Component Footprint: Designator=R4 Old Footprint=AXIAL-0.3 New Footprint=0402
Change Component Footprint: Designator=R5 Old Footprint=AXIAL-0.3 New Footprint=0402
Change Component Footprint: Designator=R6 Old Footprint=AXIAL-0.3 New Footprint=0402
Change Component Footprint: Designator=R7 Old Footprint=AXIAL-0.3 New Footprint=0402
Change Component Footprint: Designator=R8 Old Footprint=AXIAL-0.3 New Footprint=0402
Change Component Footprint: Designator=R9 Old Footprint=AXIAL-0.3 New Footprint=0402
Change Component Footprint: Designator=R10 Old Footprint=AXIAL-0.3 New Footprint=0402
Change Component Footprint: Designator=C4 Old Footprint=RAD-0.3 New Footprint=0402
Change Component Footprint: Designator=C8 Old Footprint=RAD-0.3 New Footprint=0402
Change Component Footprint: Designator=C3 Old Footprint=RAD-0.3 New Footprint=1608[0603]
Change Component Footprint: Designator=C7 Old Footprint=RAD-0.3 New Footprint=1608[0603]
Change component parameters: Designator = "R1"; Footprint = "0402"; UniqueID = "\OTHWHJHQ"
Change component parameters. Clean all parameters for all variants
Change component parameters (AddParameter): Name = "LatestRevisionDate"; Value = "17-Jul-2002"; VariantName = "[No Variations]"
Change component parameters (AddParameter): Name = "LatestRevisionNote"; Value = "Re-released for DXP Platform."; VariantName = "[No Variations]"
Change component parameters (AddParameter): Name = "PackageDescription"; Value = "Axial Device, Thru-Hole; 2 Leads; 0.3 in Pin Spacing"; VariantName = "[No Variations]"
Change component parameters (AddParameter): Name = "PackageReference"; Value = "AXIAL-0.3"; VariantName = "[No Variations]"
Change component parameters (AddParameter): Name = "Published"; Value = "8-Jun-2000"; VariantName = "[No Variations]"
Change component parameters (AddParameter): Name = "Publisher"; Value = "Altium Limited"; VariantName = "[No Variations]"
Change component parameters: Designator = "R2"; Footprint = "0402"; UniqueID = "\DFRLTCIO"
Change component parameters. Clean all parameters for all variants
Change component parameters (AddParameter): Name = "LatestRevisionDate"; Value = "17-Jul-2002"; VariantName = "[No Variations]"
Change component parameters (AddParameter): Name = "LatestRevisionNote"; Value = "Re-released for DXP Platform."; VariantName = "[No Variations]"
Change component parameters (AddParameter): Name = "PackageDescription"; Value = "Axial Device, Thru-Hole; 2 Leads; 0.3 in Pin Spacing"; VariantName = "[No Variations]"
Change component parameters (AddParameter): Name = "PackageReference"; Value = "AXIAL-0.3"; VariantName = "[No Variations]"
Change component parameters (AddParameter): Name = "Published"; Value = "8-Jun-2000"; VariantName = "[No Variations]"
Change component parameters (AddParameter): Name = "Publisher"; Value = "Altium Limited"; VariantName = "[No Variations]"
Change component parameters: Designator = "R3"; Footprint = "0402"; UniqueID = "\VDYKUISF"
Change component parameters. Clean all parameters for all variants
Change component parameters (AddParameter): Name = "LatestRevisionDate"; Value = "17-Jul-2002"; VariantName = "[No Variations]"
Change component parameters (AddParameter): Name = "LatestRevisionNote"; Value = "Re-released for DXP Platform."; VariantName = "[No Variations]"
Change component parameters (AddParameter): Name = "PackageDescription"; Value = "Axial Device, Thru-Hole; 2 Leads; 0.3 in Pin Spacing"; VariantName = "[No Variations]"
Change component parameters (AddParameter): Name = "PackageReference"; Value = "AXIAL-0.3"; VariantName = "[No Variations]"
Change component parameters (AddParameter): Name = "Published"; Value = "8-Jun-2000"; VariantName = "[No Variations]"
Change component parameters (AddParameter): Name = "Publisher"; Value = "Altium Limited"; VariantName = "[No Variations]"
Change component parameters: Designator = "R4"; Footprint = "0402"; UniqueID = "\EMDSWKUN"
Change component parameters. Clean all parameters for all variants
Change component parameters (AddParameter): Name = "LatestRevisionDate"; Value = "17-Jul-2002"; VariantName = "[No Variations]"
Change component parameters (AddParameter): Name = "LatestRevisionNote"; Value = "Re-released for DXP Platform."; VariantName = "[No Variations]"
Change component parameters (AddParameter): Name = "PackageDescription"; Value = "Axial Device, Thru-Hole; 2 Leads; 0.3 in Pin Spacing"; VariantName = "[No Variations]"
Change component parameters (AddParameter): Name = "PackageReference"; Value = "AXIAL-0.3"; VariantName = "[No Variations]"
Change component parameters (AddParameter): Name = "Published"; Value = "8-Jun-2000"; VariantName = "[No Variations]"
Change component parameters (AddParameter): Name = "Publisher"; Value = "Altium Limited"; VariantName = "[No Variations]"
Change component parameters: Designator = "R5"; Footprint = "0402"; UniqueID = "\FTISUIGA"
Change component parameters. Clean all parameters for all variants
Change component parameters (AddParameter): Name = "LatestRevisionDate"; Value = "17-Jul-2002"; VariantName = "[No Variations]"
Change component parameters (AddParameter): Name = "LatestRevisionNote"; Value = "Re-released for DXP Platform."; VariantName = "[No Variations]"
Change component parameters (AddParameter): Name = "PackageDescription"; Value = "Axial Device, Thru-Hole; 2 Leads; 0.3 in Pin Spacing"; VariantName = "[No Variations]"
Change component parameters (AddParameter): Name = "PackageReference"; Value = "AXIAL-0.3"; VariantName = "[No Variations]"
Change component parameters (AddParameter): Name = "Published"; Value = "8-Jun-2000"; VariantName = "[No Variations]"
Change component parameters (AddParameter): Name = "Publisher"; Value = "Altium Limited"; VariantName = "[No Variations]"
Change component parameters: Designator = "R6"; Footprint = "0402"; UniqueID = "\ORGVYAJK"
Change component parameters. Clean all parameters for all variants
Change component parameters (AddParameter): Name = "LatestRevisionDate"; Value = "17-Jul-2002"; VariantName = "[No Variations]"
Change component parameters (AddParameter): Name = "LatestRevisionNote"; Value = "Re-released for DXP Platform."; VariantName = "[No Variations]"
Change component parameters (AddParameter): Name = "PackageDescription"; Value = "Axial Device, Thru-Hole; 2 Leads; 0.3 in Pin Spacing"; VariantName = "[No Variations]"
Change component parameters (AddParameter): Name = "PackageReference"; Value = "AXIAL-0.3"; VariantName = "[No Variations]"
Change component parameters (AddParameter): Name = "Published"; Value = "8-Jun-2000"; VariantName = "[No Variations]"
Change component parameters (AddParameter): Name = "Publisher"; Value = "Altium Limited"; VariantName = "[No Variations]"
Change component parameters: Designator = "R7"; Footprint = "0402"; UniqueID = "\MLOSBWLF"
Change component parameters. Clean all parameters for all variants
Change component parameters (AddParameter): Name = "LatestRevisionDate"; Value = "17-Jul-2002"; VariantName = "[No Variations]"
Change component parameters (AddParameter): Name = "LatestRevisionNote"; Value = "Re-released for DXP Platform."; VariantName = "[No Variations]"
Change component parameters (AddParameter): Name = "PackageDescription"; Value = "Axial Device, Thru-Hole; 2 Leads; 0.3 in Pin Spacing"; VariantName = "[No Variations]"
Change component parameters (AddParameter): Name = "PackageReference"; Value = "AXIAL-0.3"; VariantName = "[No Variations]"
Change component parameters (AddParameter): Name = "Published"; Value = "8-Jun-2000"; VariantName = "[No Variations]"
Change component parameters (AddParameter): Name = "Publisher"; Value = "Altium Limited"; VariantName = "[No Variations]"
Change component parameters: Designator = "R8"; Footprint = "0402"; UniqueID = "\YDJUHKFO"
Change component parameters. Clean all parameters for all variants
Change component parameters (AddParameter): Name = "LatestRevisionDate"; Value = "17-Jul-2002"; VariantName = "[No Variations]"
Change component parameters (AddParameter): Name = "LatestRevisionNote"; Value = "Re-released for DXP Platform."; VariantName = "[No Variations]"
Change component parameters (AddParameter): Name = "PackageDescription"; Value = "Axial Device, Thru-Hole; 2 Leads; 0.3 in Pin Spacing"; VariantName = "[No Variations]"
Change component parameters (AddParameter): Name = "PackageReference"; Value = "AXIAL-0.3"; VariantName = "[No Variations]"
Change component parameters (AddParameter): Name = "Published"; Value = "8-Jun-2000"; VariantName = "[No Variations]"
Change component parameters (AddParameter): Name = "Publisher"; Value = "Altium Limited"; VariantName = "[No Variations]"
Change component parameters: Designator = "R9"; Footprint = "0402"; UniqueID = "\SNRROEVU"
Change component parameters. Clean all parameters for all variants
Change component parameters (AddParameter): Name = "LatestRevisionDate"; Value = "17-Jul-2002"; VariantName = "[No Variations]"
Change component parameters (AddParameter): Name = "LatestRevisionNote"; Value = "Re-released for DXP Platform."; VariantName = "[No Variations]"
Change component parameters (AddParameter): Name = "PackageDescription"; Value = "Axial Device, Thru-Hole; 2 Leads; 0.3 in Pin Spacing"; VariantName = "[No Variations]"
Change component parameters (AddParameter): Name = "PackageReference"; Value = "AXIAL-0.3"; VariantName = "[No Variations]"
Change component parameters (AddParameter): Name = "Published"; Value = "8-Jun-2000"; VariantName = "[No Variations]"
Change component parameters (AddParameter): Name = "Publisher"; Value = "Altium Limited"; VariantName = "[No Variations]"
Change component parameters: Designator = "R10"; Footprint = "0402"; UniqueID = "\FJSRGLLS"
Change component parameters. Clean all parameters for all variants
Change component parameters (AddParameter): Name = "LatestRevisionDate"; Value = "17-Jul-2002"; VariantName = "[No Variations]"
Change component parameters (AddParameter): Name = "LatestRevisionNote"; Value = "Re-released for DXP Platform."; VariantName = "[No Variations]"
Change component parameters (AddParameter): Name = "PackageDescription"; Value = "Axial Device, Thru-Hole; 2 Leads; 0.3 in Pin Spacing"; VariantName = "[No Variations]"
Change component parameters (AddParameter): Name = "PackageReference"; Value = "AXIAL-0.3"; VariantName = "[No Variations]"
Change component parameters (AddParameter): Name = "Published"; Value = "8-Jun-2000"; VariantName = "[No Variations]"
Change component parameters (AddParameter): Name = "Publisher"; Value = "Altium Limited"; VariantName = "[No Variations]"
Added Component: Designator=C?(RAD-0.3)
Add component. Clean all parameters for all variants
Add component (AddParameter): Name = "LatestRevisionDate"; Value = "17-Jul-2002"; VariantName = "[No Variations]"
Add component (AddParameter): Name = "LatestRevisionNote"; Value = "Re-released for DXP Platform."; VariantName = "[No Variations]"
Add component (AddParameter): Name = "PackageDescription"; Value = "Radial Cap, Thru-Hole; 2 Leads; 0.3 in Pin Spacing"; VariantName = "[No Variations]"
Add component (AddParameter): Name = "PackageReference"; Value = "RAD-0.3"; VariantName = "[No Variations]"
Add component (AddParameter): Name = "Published"; Value = "8-Jun-2000"; VariantName = "[No Variations]"
Add component (AddParameter): Name = "Publisher"; Value = "Altium Limited"; VariantName = "[No Variations]"
Add component (AddParameter): Name = "Value"; Value = "10nF"; VariantName = "[No Variations]"
Added Component: Designator=C?(RAD-0.3)
Add component. Clean all parameters for all variants
Add component (AddParameter): Name = "LatestRevisionDate"; Value = "17-Jul-2002"; VariantName = "[No Variations]"
Add component (AddParameter): Name = "LatestRevisionNote"; Value = "Re-released for DXP Platform."; VariantName = "[No Variations]"
Add component (AddParameter): Name = "PackageDescription"; Value = "Radial Cap, Thru-Hole; 2 Leads; 0.3 in Pin Spacing"; VariantName = "[No Variations]"
Add component (AddParameter): Name = "PackageReference"; Value = "RAD-0.3"; VariantName = "[No Variations]"
Add component (AddParameter): Name = "Published"; Value = "8-Jun-2000"; VariantName = "[No Variations]"
Add component (AddParameter): Name = "Publisher"; Value = "Altium Limited"; VariantName = "[No Variations]"
Add component (AddParameter): Name = "Value"; Value = "10uF"; VariantName = "[No Variations]"
Added Component: Designator=C?(RAD-0.3)
Add component. Clean all parameters for all variants
Add component (AddParameter): Name = "LatestRevisionDate"; Value = "17-Jul-2002"; VariantName = "[No Variations]"
Add component (AddParameter): Name = "LatestRevisionNote"; Value = "Re-released for DXP Platform."; VariantName = "[No Variations]"
Add component (AddParameter): Name = "PackageDescription"; Value = "Radial Cap, Thru-Hole; 2 Leads; 0.3 in Pin Spacing"; VariantName = "[No Variations]"
Add component (AddParameter): Name = "PackageReference"; Value = "RAD-0.3"; VariantName = "[No Variations]"
Add component (AddParameter): Name = "Published"; Value = "8-Jun-2000"; VariantName = "[No Variations]"
Add component (AddParameter): Name = "Publisher"; Value = "Altium Limited"; VariantName = "[No Variations]"
Add component (AddParameter): Name = "Value"; Value = "100nF"; VariantName = "[No Variations]"
Added Component: Designator=C?(RAD-0.3)
Add component. Clean all parameters for all variants
Add component (AddParameter): Name = "LatestRevisionDate"; Value = "17-Jul-2002"; VariantName = "[No Variations]"
Add component (AddParameter): Name = "LatestRevisionNote"; Value = "Re-released for DXP Platform."; VariantName = "[No Variations]"
Add component (AddParameter): Name = "PackageDescription"; Value = "Radial Cap, Thru-Hole; 2 Leads; 0.3 in Pin Spacing"; VariantName = "[No Variations]"
Add component (AddParameter): Name = "PackageReference"; Value = "RAD-0.3"; VariantName = "[No Variations]"
Add component (AddParameter): Name = "Published"; Value = "8-Jun-2000"; VariantName = "[No Variations]"
Add component (AddParameter): Name = "Publisher"; Value = "Altium Limited"; VariantName = "[No Variations]"
Add component (AddParameter): Name = "Value"; Value = "100nF"; VariantName = "[No Variations]"
Added Component: Designator=C?(RAD-0.3)
Add component. Clean all parameters for all variants
Add component (AddParameter): Name = "LatestRevisionDate"; Value = "17-Jul-2002"; VariantName = "[No Variations]"
Add component (AddParameter): Name = "LatestRevisionNote"; Value = "Re-released for DXP Platform."; VariantName = "[No Variations]"
Add component (AddParameter): Name = "PackageDescription"; Value = "Radial Cap, Thru-Hole; 2 Leads; 0.3 in Pin Spacing"; VariantName = "[No Variations]"
Add component (AddParameter): Name = "PackageReference"; Value = "RAD-0.3"; VariantName = "[No Variations]"
Add component (AddParameter): Name = "Published"; Value = "8-Jun-2000"; VariantName = "[No Variations]"
Add component (AddParameter): Name = "Publisher"; Value = "Altium Limited"; VariantName = "[No Variations]"
Add component (AddParameter): Name = "Value"; Value = "0.1uF"; VariantName = "[No Variations]"
Added Component: Designator=C?(RAD-0.3)
Add component. Clean all parameters for all variants
Add component (AddParameter): Name = "LatestRevisionDate"; Value = "17-Jul-2002"; VariantName = "[No Variations]"
Add component (AddParameter): Name = "LatestRevisionNote"; Value = "Re-released for DXP Platform."; VariantName = "[No Variations]"
Add component (AddParameter): Name = "PackageDescription"; Value = "Radial Cap, Thru-Hole; 2 Leads; 0.3 in Pin Spacing"; VariantName = "[No Variations]"
Add component (AddParameter): Name = "PackageReference"; Value = "RAD-0.3"; VariantName = "[No Variations]"
Add component (AddParameter): Name = "Published"; Value = "8-Jun-2000"; VariantName = "[No Variations]"
Add component (AddParameter): Name = "Publisher"; Value = "Altium Limited"; VariantName = "[No Variations]"
Add component (AddParameter): Name = "Value"; Value = "100nF"; VariantName = "[No Variations]"
Added Component: Designator=C?(RAD-0.3)
Add component. Clean all parameters for all variants
Add component (AddParameter): Name = "LatestRevisionDate"; Value = "17-Jul-2002"; VariantName = "[No Variations]"
Add component (AddParameter): Name = "LatestRevisionNote"; Value = "Re-released for DXP Platform."; VariantName = "[No Variations]"
Add component (AddParameter): Name = "PackageDescription"; Value = "Radial Cap, Thru-Hole; 2 Leads; 0.3 in Pin Spacing"; VariantName = "[No Variations]"
Add component (AddParameter): Name = "PackageReference"; Value = "RAD-0.3"; VariantName = "[No Variations]"
Add component (AddParameter): Name = "Published"; Value = "8-Jun-2000"; VariantName = "[No Variations]"
Add component (AddParameter): Name = "Publisher"; Value = "Altium Limited"; VariantName = "[No Variations]"
Add component (AddParameter): Name = "Value"; Value = "10uF"; VariantName = "[No Variations]"
Added Component: Designator=C?(RAD-0.3)
Add component. Clean all parameters for all variants
Add component (AddParameter): Name = "LatestRevisionDate"; Value = "17-Jul-2002"; VariantName = "[No Variations]"
Add component (AddParameter): Name = "LatestRevisionNote"; Value = "Re-released for DXP Platform."; VariantName = "[No Variations]"
Add component (AddParameter): Name = "PackageDescription"; Value = "Radial Cap, Thru-Hole; 2 Leads; 0.3 in Pin Spacing"; VariantName = "[No Variations]"
Add component (AddParameter): Name = "PackageReference"; Value = "RAD-0.3"; VariantName = "[No Variations]"
Add component (AddParameter): Name = "Published"; Value = "8-Jun-2000"; VariantName = "[No Variations]"
Add component (AddParameter): Name = "Publisher"; Value = "Altium Limited"; VariantName = "[No Variations]"
Add component (AddParameter): Name = "Value"; Value = "0.1uF"; VariantName = "[No Variations]"
Added Component: Designator=M1(MPU-9250)
Add component. Clean all parameters for all variants
Added Component: Designator=M2(LSM9DS1)
Add component. Clean all parameters for all variants
Added Component: Designator=R11(0402)
Add component. Clean all parameters for all variants
Add component (AddParameter): Name = "LatestRevisionDate"; Value = "17-Jul-2002"; VariantName = "[No Variations]"
Add component (AddParameter): Name = "LatestRevisionNote"; Value = "Re-released for DXP Platform."; VariantName = "[No Variations]"
Add component (AddParameter): Name = "PackageDescription"; Value = "Axial Device, Thru-Hole; 2 Leads; 0.3 in Pin Spacing"; VariantName = "[No Variations]"
Add component (AddParameter): Name = "PackageReference"; Value = "AXIAL-0.3"; VariantName = "[No Variations]"
Add component (AddParameter): Name = "Published"; Value = "8-Jun-2000"; VariantName = "[No Variations]"
Add component (AddParameter): Name = "Publisher"; Value = "Altium Limited"; VariantName = "[No Variations]"
Added Component: Designator=R12(0402)
Add component. Clean all parameters for all variants
Add component (AddParameter): Name = "LatestRevisionDate"; Value = "17-Jul-2002"; VariantName = "[No Variations]"
Add component (AddParameter): Name = "LatestRevisionNote"; Value = "Re-released for DXP Platform."; VariantName = "[No Variations]"
Add component (AddParameter): Name = "PackageDescription"; Value = "Axial Device, Thru-Hole; 2 Leads; 0.3 in Pin Spacing"; VariantName = "[No Variations]"
Add component (AddParameter): Name = "PackageReference"; Value = "AXIAL-0.3"; VariantName = "[No Variations]"
Add component (AddParameter): Name = "Published"; Value = "8-Jun-2000"; VariantName = "[No Variations]"
Add component (AddParameter): Name = "Publisher"; Value = "Altium Limited"; VariantName = "[No Variations]"
Added Component: Designator=R13(0402)
Add component. Clean all parameters for all variants
Add component (AddParameter): Name = "LatestRevisionDate"; Value = "17-Jul-2002"; VariantName = "[No Variations]"
Add component (AddParameter): Name = "LatestRevisionNote"; Value = "Re-released for DXP Platform."; VariantName = "[No Variations]"
Add component (AddParameter): Name = "PackageDescription"; Value = "Axial Device, Thru-Hole; 2 Leads; 0.3 in Pin Spacing"; VariantName = "[No Variations]"
Add component (AddParameter): Name = "PackageReference"; Value = "AXIAL-0.3"; VariantName = "[No Variations]"
Add component (AddParameter): Name = "Published"; Value = "8-Jun-2000"; VariantName = "[No Variations]"
Add component (AddParameter): Name = "Publisher"; Value = "Altium Limited"; VariantName = "[No Variations]"
Added Component: Designator=R14(0402)
Add component. Clean all parameters for all variants
Add component (AddParameter): Name = "LatestRevisionDate"; Value = "17-Jul-2002"; VariantName = "[No Variations]"
Add component (AddParameter): Name = "LatestRevisionNote"; Value = "Re-released for DXP Platform."; VariantName = "[No Variations]"
Add component (AddParameter): Name = "PackageDescription"; Value = "Axial Device, Thru-Hole; 2 Leads; 0.3 in Pin Spacing"; VariantName = "[No Variations]"
Add component (AddParameter): Name = "PackageReference"; Value = "AXIAL-0.3"; VariantName = "[No Variations]"
Add component (AddParameter): Name = "Published"; Value = "8-Jun-2000"; VariantName = "[No Variations]"
Add component (AddParameter): Name = "Publisher"; Value = "Altium Limited"; VariantName = "[No Variations]"
Added Component: Designator=U2(NEO-8Q/M8)
Add component. Clean all parameters for all variants
Added Pin To Net: NetName=GND Pin=C?-1
Added Pin To Net: NetName=GND Pin=C?-1
Added Pin To Net: NetName=GND Pin=C?-1
Added Pin To Net: NetName=GND Pin=C?-1
Added Pin To Net: NetName=GND Pin=C?-1
Added Pin To Net: NetName=GND Pin=C?-1
Added Pin To Net: NetName=GND Pin=C?-1
Added Pin To Net: NetName=3V3 Pin=C?-2
Added Pin To Net: NetName=3V3 Pin=C?-2
Added Pin To Net: NetName=3V3 Pin=C?-2
Added Pin To Net: NetName=1V8 Pin=M1-1
Added Pin To Net: NetName=1V8 Pin=M1-8
Added Pin To Net: NetName=GND Pin=M1-11
Added Pin To Net: NetName=3V3 Pin=M1-13
Added Pin To Net: NetName=GND Pin=M1-18
Added Pin To Net: NetName=GND Pin=M1-20
Added Pin To Net: NetName=1V8 Pin=M2-1
Added Pin To Net: NetName=1V8 Pin=M2-3
Added Pin To Net: NetName=GND Pin=M2-14
Added Pin To Net: NetName=GND Pin=M2-15
Added Pin To Net: NetName=GND Pin=M2-16
Added Pin To Net: NetName=GND Pin=M2-17
Added Pin To Net: NetName=GND Pin=M2-18
Added Pin To Net: NetName=GND Pin=M2-19
Added Pin To Net: NetName=GND Pin=M2-20
Added Pin To Net: NetName=3V3 Pin=M2-22
Added Pin To Net: NetName=3V3 Pin=M2-23
Added Pin To Net: NetName=3V3 Pin=R3-1
Added Pin To Net: NetName=NetC2_2 Pin=R3-2
Added Pin To Net: NetName=3V3 Pin=R4-1
Added Pin To Net: NetName=CAM1_SCL_3V3 Pin=R4-2
Added Pin To Net: NetName=3V3 Pin=R5-1
Added Pin To Net: NetName=CAM1_SDA_3V3 Pin=R5-2
Added Pin To Net: NetName=3V3 Pin=R8-1
Added Pin To Net: NetName=NetC6_2 Pin=R8-2
Added Pin To Net: NetName=CAM2_SCL_3V3 Pin=R9-2
Added Pin To Net: NetName=3V3 Pin=R10-1
Added Pin To Net: NetName=CAM2_SDA_3V3 Pin=R10-2
Added Pin To Net: NetName=GND Pin=R11-2
Added Pin To Net: NetName=GND Pin=R12-2
Added Pin To Net: NetName=GND Pin=R13-2
Added Pin To Net: NetName=GND Pin=R14-2
Added Pin To Net: NetName=GND Pin=U2-2
Added Pin To Net: NetName=GND Pin=U2-7
Added Pin To Net: NetName=GND Pin=U2-10
Added Pin To Net: NetName=GND Pin=U2-12
Added Pin To Net: NetName=GND Pin=U2-13
Added Pin To Net: NetName=3V3 Pin=U2-22
Added Pin To Net: NetName=3V3 Pin=U2-23
Added Pin To Net: NetName=GND Pin=U2-24
Change Net Name : Old Net Name=CAM1_GPIO0_1V8 New Net Name=EXP_SPI_MOSI
Change Net Name : Old Net Name=CAM1_SCL_1V8 New Net Name=CAM1_SCL
Change Net Name : Old Net Name=CAM1_SDA_1V8 New Net Name=CAM1_SDA
Change Net Name : Old Net Name=CAM2_GPIO1_1V8 New Net Name=EXP_SPI_CS
Change Net Name : Old Net Name=CAM2_SCL_1V8 New Net Name=CAM2_SCL
Change Net Name : Old Net Name=CSI0_CLK_N New Net Name=CAM1_C_N
Change Net Name : Old Net Name=CSI0_CLK_P New Net Name=CAM1_C_P
Change Net Name : Old Net Name=CSI0_D0_N New Net Name=CAM1_D0_N
Change Net Name : Old Net Name=CSI0_D0_P New Net Name=CAM1_D0_P
Change Net Name : Old Net Name=CSI0_D1_N New Net Name=CAM1_D1_N
Change Net Name : Old Net Name=CSI0_D1_P New Net Name=CAM1_D1_P
Change Net Name : Old Net Name=CSI0_D2+ New Net Name=EXP_D5_P
Change Net Name : Old Net Name=CSI0_D2- New Net Name=EXP_D5_N
Change Net Name : Old Net Name=CSI0_D3+ New Net Name=EXP_D6_P
Change Net Name : Old Net Name=CSI0_D3- New Net Name=EXP_D6_N
Change Net Name : Old Net Name=CSI1_CLK_N New Net Name=CAM2_C_N
Change Net Name : Old Net Name=CSI1_CLK_P New Net Name=CAM2_C_P
Change Net Name : Old Net Name=CSI1_D0_N New Net Name=CAM2_D0_N
Change Net Name : Old Net Name=CSI1_D0_P New Net Name=CAM2_D0_P
Change Net Name : Old Net Name=CSI1_D1_N New Net Name=CAM2_D1_N
Change Net Name : Old Net Name=CSI1_D1_P New Net Name=CAM2_D1_P
Change Net Name : Old Net Name=DSI_CLK+ New Net Name=EXP_D0_P
Change Net Name : Old Net Name=DSI_CLK- New Net Name=EXP_D0_N
Change Net Name : Old Net Name=DSI_D0+ New Net Name=EXP_D1_P
Change Net Name : Old Net Name=DSI_D0- New Net Name=EXP_D1_N
Change Net Name : Old Net Name=DSI_D1+ New Net Name=EXP_D2_P
Change Net Name : Old Net Name=DSI_D1- New Net Name=EXP_D2_N
Change Net Name : Old Net Name=DSI_D2+ New Net Name=HSIC_STR
Change Net Name : Old Net Name=DSI_D2- New Net Name=EXP_D3_N
Change Net Name : Old Net Name=DSI_D3+ New Net Name=EXP_D4_P
Change Net Name : Old Net Name=DSI_D3- New Net Name=EXP_D4_N
Change Net Name : Old Net Name=GPIO-A New Net Name=SPI_SENSOR_CS_BARO
Change Net Name : Old Net Name=GPIO-B New Net Name=SPI_SENSOR_CS_LSM_M
Change Net Name : Old Net Name=GPIO-C New Net Name=SPI_SENSOR_CS_ADC
Change Net Name : Old Net Name=GPIO-D New Net Name=SPI_SENSOR_CS_LSM_AG
Change Net Name : Old Net Name=GPIO-F New Net Name=SPI_SENSOR_CS_MPU
Change Net Name : Old Net Name=GPIO-G New Net Name=ESC1_PWM
Change Net Name : Old Net Name=GPIO-H New Net Name=ESC2_PWM
Change Net Name : Old Net Name=GPIO-I New Net Name=ESC3_PWM
Change Net Name : Old Net Name=GPIO-J New Net Name=ESC4_PWM
Change Net Name : Old Net Name=GPIO-K New Net Name=ESC5_PWM
Change Net Name : Old Net Name=GPIO-L New Net Name=ESC6_PWM
Change Net Name : Old Net Name=SD_CMD/SPI1_DIN New Net Name=EXP_SPI_MISO
Change Net Name : Old Net Name=SD_SCLK/SPI1_SCLK New Net Name=EXP_SPI_SCLK
Change Net Name : Old Net Name=UART1_RXD New Net Name=TELEM_RxD
Change Net Name : Old Net Name=UART1_TXD New Net Name=TELEM_TxD
Change Net Name : Old Net Name=USB_D+ New Net Name=USB_D_P
Change Net Name : Old Net Name=USB_D- New Net Name=USB_D_N
Added Pin To Net: NetName=CAM1_GPIO_0 Pin=P1-16
Added Pin To Net: NetName=CAM1_GPIO_0 Pin=R11-1
Added Net: Name=CAM1_GPIO_0
Added Pin To Net: NetName=CAM1_GPIO_1 Pin=P1-18
Added Pin To Net: NetName=CAM1_GPIO_1 Pin=R12-1
Added Net: Name=CAM1_GPIO_1
Added Pin To Net: NetName=CAM2_GPIO_0 Pin=P1-20
Added Pin To Net: NetName=CAM2_GPIO_0 Pin=R13-1
Added Net: Name=CAM2_GPIO_0
Added Pin To Net: NetName=CAM2_GPIO_1 Pin=P1-22
Added Pin To Net: NetName=CAM2_GPIO_1 Pin=R14-1
Added Net: Name=CAM2_GPIO_1
Added Pin To Net: NetName=CAM2_SDA Pin=P2-38
Added Pin To Net: NetName=CAM2_SDA Pin=R7-2
Added Pin To Net: NetName=CAM2_SDA Pin=U2-4
Added Net: Name=CAM2_SDA
Added Pin To Net: NetName=EXP_D3_P Pin=P2-39
Added Net: Name=EXP_D3_P
Added Pin To Net: NetName=LSM9DS1_AG_CS Pin=M2-7
Added Net: Name=LSM9DS1_AG_CS
Added Pin To Net: NetName=LSM9DS1_M_CS Pin=M2-8
Added Net: Name=LSM9DS1_M_CS
Added Pin To Net: NetName=MPU9250_CS Pin=M1-22
Added Net: Name=MPU9250_CS
Added Pin To Net: NetName=NetC?_2 Pin=C?-2
Added Pin To Net: NetName=NetC?_2 Pin=M2-24
Added Net: Name=NetC?_2
Added Pin To Net: NetName=NetU2_4 Pin=U2-4
Added Net: Name=NetU2_4
Added Pin To Net: NetName=Sensors_MISO Pin=M1-9
Added Pin To Net: NetName=Sensors_MISO Pin=M2-5
Added Pin To Net: NetName=Sensors_MISO Pin=M2-6
Added Net: Name=Sensors_MISO
Added Pin To Net: NetName=Sensors_MOSI Pin=M1-24
Added Pin To Net: NetName=Sensors_MOSI Pin=M2-4
Added Net: Name=Sensors_MOSI
Added Pin To Net: NetName=Sensors_SCLK Pin=M1-23
Added Pin To Net: NetName=Sensors_SCLK Pin=M2-2
Added Net: Name=Sensors_SCLK
Added Pin To Net: NetName=SPI_SENSOR_CS_GPS Pin=P1-12
Added Pin To Net: NetName=SPI_SENSOR_CS_GPS Pin=U2-18
Added Net: Name=SPI_SENSOR_CS_GPS
Added Pin To Net: NetName=SPI_SENSOR_MISO Pin=P1-10
Added Pin To Net: NetName=SPI_SENSOR_MISO Pin=U2-20
Added Net: Name=SPI_SENSOR_MISO
Added Pin To Net: NetName=SPI_SENSOR_MOSI Pin=P1-14
Added Pin To Net: NetName=SPI_SENSOR_MOSI Pin=U2-21
Added Net: Name=SPI_SENSOR_MOSI
Added Pin To Net: NetName=SPI_SENSOR_SCL Pin=P1-8
Added Pin To Net: NetName=SPI_SENSOR_SCL Pin=U2-19
Added Net: Name=SPI_SENSOR_SCL
Added Class: Name=9DOF_Sensors
Added Class: Name=GPS
Added Differential Pair: Name=CAM1_C
Added Differential Pair: Name=CAM1_D0
Added Differential Pair: Name=CAM1_D1
Added Differential Pair: Name=CAM2_C
Added Differential Pair: Name=CAM2_D0
Added Differential Pair: Name=CAM2_D1
Added Differential Pair: Name=EXP_D0
Added Differential Pair: Name=EXP_D1
Added Differential Pair: Name=EXP_D2
Added Differential Pair: Name=EXP_D3
Added Differential Pair: Name=EXP_D4
Added Differential Pair: Name=EXP_D5
Added Differential Pair: Name=EXP_D6
Added Differential Pair: Name=USB_D
Added Member To Class: ClassName=Camera Member=Component J2 FCC_Connector
Added Member To Class: ClassName=Camera Member=Component R11 Res1
Added Member To Class: ClassName=Camera Member=Component R12 Res1
Added Member To Class: ClassName=Camera Member=Component R13 Res1
Added Member To Class: ClassName=Camera Member=Component R14 Res1
Added Room: Name=9DOF_Sensors
Added Room: Name=Camera
Added Room: Name=GPS
