Removed Pin From Net: NetName=GND Pin=J1-1
Removed Pin From Net: NetName=CAM1_D0_N Pin=J1-2
Removed Pin From Net: NetName=CAM1_D0_P Pin=J1-3
Removed Pin From Net: NetName=GND Pin=J1-4
Removed Pin From Net: NetName=CAM1_D1_N Pin=J1-5
Removed Pin From Net: NetName=CAM1_D1_P Pin=J1-6
Removed Pin From Net: NetName=GND Pin=J1-7
Removed Pin From Net: NetName=CAM1_C_P Pin=J1-9
Removed Pin From Net: NetName=GND Pin=J1-10
Removed Pin From Net: NetName=CAM1_GPIO0_3V3 Pin=J1-11
Removed Pin From Net: NetName=CAM1_GPIO1_3V3 Pin=J1-12
Removed Pin From Net: NetName=CAM1_SCL_3V3 Pin=J1-13
Removed Pin From Net: NetName=CAM1_SDA_3V3 Pin=J1-14
Removed Pin From Net: NetName=3V3 Pin=J1-15
Removed Pin From Net: NetName=GND Pin=J2-1
Removed Pin From Net: NetName=CAM2_D0_N Pin=J2-2
Removed Pin From Net: NetName=CAM2_D0_P Pin=J2-3
Removed Pin From Net: NetName=GND Pin=J2-4
Removed Pin From Net: NetName=CAM2_D1_N Pin=J2-5
Removed Pin From Net: NetName=CAM2_D1_P Pin=J2-6
Removed Pin From Net: NetName=GND Pin=J2-7
Removed Pin From Net: NetName=CAM2_C_P Pin=J2-9
Removed Pin From Net: NetName=GND Pin=J2-10
Removed Pin From Net: NetName=CAM2_GPIO0_3V3 Pin=J2-11
Removed Pin From Net: NetName=CAM2_GPIO1_3V3 Pin=J2-12
Removed Pin From Net: NetName=CAM2_SCL_3V3 Pin=J2-13
Removed Pin From Net: NetName=CAM2_SDA_3V3 Pin=J2-14
Removed Pin From Net: NetName=3V3 Pin=J2-15
Removed Member From Class: ClassName=Camera Member=C?
Added Pin To Net: NetName=3V3 Pin=J1-1
Added Pin To Net: NetName=CAM1_SDA_3V3 Pin=J1-2
Added Pin To Net: NetName=CAM1_SCL_3V3 Pin=J1-3
Added Pin To Net: NetName=CAM1_GPIO1_3V3 Pin=J1-4
Added Pin To Net: NetName=CAM1_GPIO0_3V3 Pin=J1-5
Added Pin To Net: NetName=GND Pin=J1-6
Added Pin To Net: NetName=CAM1_C_P Pin=J1-7
Added Pin To Net: NetName=GND Pin=J1-9
Added Pin To Net: NetName=CAM1_D1_P Pin=J1-10
Added Pin To Net: NetName=CAM1_D1_N Pin=J1-11
Added Pin To Net: NetName=GND Pin=J1-12
Added Pin To Net: NetName=CAM1_D0_P Pin=J1-13
Added Pin To Net: NetName=CAM1_D0_N Pin=J1-14
Added Pin To Net: NetName=GND Pin=J1-15
Added Pin To Net: NetName=3V3 Pin=J2-1
Added Pin To Net: NetName=CAM2_SDA_3V3 Pin=J2-2
Added Pin To Net: NetName=CAM2_SCL_3V3 Pin=J2-3
Added Pin To Net: NetName=CAM2_GPIO1_3V3 Pin=J2-4
Added Pin To Net: NetName=CAM2_GPIO0_3V3 Pin=J2-5
Added Pin To Net: NetName=GND Pin=J2-6
Added Pin To Net: NetName=CAM2_C_P Pin=J2-7
Added Pin To Net: NetName=GND Pin=J2-9
Added Pin To Net: NetName=CAM2_D1_P Pin=J2-10
Added Pin To Net: NetName=CAM2_D1_N Pin=J2-11
Added Pin To Net: NetName=GND Pin=J2-12
Added Pin To Net: NetName=CAM2_D0_P Pin=J2-13
Added Pin To Net: NetName=CAM2_D0_N Pin=J2-14
Added Pin To Net: NetName=GND Pin=J2-15
Change Net Name : Old Net Name=EXP_D3_P New Net Name=HSIC_STR
Added Pin To Net: NetName=EXP_D3_P Pin=P2-39
Added Net: Name=EXP_D3_P
Added Member To Class: ClassName=9DOF_Sensors Member=Component C? Cap
Added Member To Class: ClassName=9DOF_Sensors Member=Component C? Cap
Added Member To Class: ClassName=9DOF_Sensors Member=Component C? Cap
Added Member To Class: ClassName=9DOF_Sensors Member=Component C? Cap
Added Member To Class: ClassName=9DOF_Sensors Member=Component C? Ceramic, X7R, 0.1uF +- 10%, 2V
Added Member To Class: ClassName=9DOF_Sensors Member=Component C? Cap
Added Member To Class: ClassName=9DOF_Sensors Member=Component C? Ceramic, X7R, 0.1uF +- 10%, 2V
Added Room: Name=9DOF_Sensors
Added Room: Name=Camera
Added Room: Name=GPS
