Removed Pin From Net: NetName=NetC2_2 Pin=C2-2
Removed Pin From Net: NetName=NetC2_2 Pin=R8-1
Added Component: Designator=U1(DCU8)
Add component. Clean all parameters for all variants
Added Component: Designator=U2(DCU8)
Add component. Clean all parameters for all variants
Added Pin To Net: NetName=NetC2_2 Pin=C2-2
Added Pin To Net: NetName=NetC2_2 Pin=R3-1
Added Pin To Net: NetName=GND Pin=U1-1
Added Pin To Net: NetName=1V8 Pin=U1-2
Added Pin To Net: NetName=CAM1_SCL_1V8 Pin=U1-3
Added Pin To Net: NetName=CAM1_SDA_1V8 Pin=U1-4
Added Pin To Net: NetName=CAM1_SDA_3V3 Pin=U1-5
Added Pin To Net: NetName=CAM1_SCL_3V3 Pin=U1-6
Added Pin To Net: NetName=NetC2_2 Pin=U1-7
Added Pin To Net: NetName=NetC2_2 Pin=U1-8
Added Pin To Net: NetName=GND Pin=U2-1
Added Pin To Net: NetName=1V8 Pin=U2-2
Added Pin To Net: NetName=CAM2_SCL_1V8 Pin=U2-3
Added Pin To Net: NetName=CAM2_SDA_1V8 Pin=U2-4
Added Pin To Net: NetName=CAM2_SDA_3V3 Pin=U2-5
Added Pin To Net: NetName=CAM2_SCL_3V3 Pin=U2-6
Change Net Name : Old Net Name=DSI_D2+ New Net Name=HSIC_STR
Change Net Name : Old Net Name=I2C3_SDA New Net Name=RESERVED
Added Pin To Net: NetName=DSI_D2+ Pin=P2-39
Added Net: Name=DSI_D2+
Added Pin To Net: NetName=I2C3_SDA Pin=P2-38
Added Net: Name=I2C3_SDA
Added Member To Class: ClassName=Camera Member=Component C1 Cap
Added Member To Class: ClassName=Camera Member=Component C2 Cap
Added Member To Class: ClassName=Camera Member=Component C? 0603
Added Member To Class: ClassName=Camera Member=Component U1 PCA9306DP1
Added Member To Class: ClassName=Camera Member=Component U2 PCA9306DP1
Added Room: Name=Camera
